<?xml version="1.0" encoding="UTF-8"?>
<!-- Generated by org.testng.reporters.JUnitReportReporter -->
<testsuite hostname="LAPTOP-HBI9A617" failures="0" tests="2" name="UI.TextBoxTest" time="5.722" errors="0" timestamp="2025-04-21T10:47:44 MSK" skipped="0">
  <testcase classname="UI.TextBoxTest" name="checkTextBox" time="5.715"/>
  <testcase classname="UI.TextBoxTest" name="checkTitleTextBox" time="0.007"/>
</testsuite> <!-- UI.TextBoxTest -->
