<?xml version="1.0" encoding="UTF-8"?>
<!-- Generated by org.testng.reporters.JUnitReportReporter -->
<testsuite hostname="LAPTOP-HBI9A617" failures="0" tests="2" name="UI.CheckBoxTest" time="1.594" errors="0" timestamp="2025-04-21T10:47:44 MSK" skipped="0">
  <testcase classname="UI.CheckBoxTest" name="step_02" time="0.287"/>
  <testcase classname="UI.CheckBoxTest" name="step_01" time="1.307"/>
</testsuite> <!-- UI.CheckBoxTest -->
